Express server listening on port 3000 in development mode
GET: /index
Weather Mode enabled.
Lights out
Clouds
Changing mode to: 0
POST: /index
Changing mode to: 2000
Turning quiet hours off
POST: /index
Changing mode to: 1000
Turning weather updates off
POST: /index
Changing mode to: 16
POST: /index
Changing mode to: 12
GET: /index
POST: /index
Changing mode to: 1
POST: /index
Changing mode to: 0
POST: /index
Changing mode to: 1
POST: /index
Changing mode to: -1
POST: /index
Changing mode to: 16
POST: /index
Changing mode to: 17
POST: /index
Changing mode to: 15
POST: /index
Changing mode to: 18
POST: /index
Changing mode to: 9
POST: /index
Changing mode to: 7
POST: /index
Changing mode to: 11
POST: /index
Changing mode to: 8
POST: /index
Changing mode to: 15
POST: /index
Changing mode to: 18
POST: /index
Changing mode to: 6
POST: /index
Changing mode to: 2
POST: /index
Changing mode to: 14
POST: /index
Changing mode to: 1
POST: /index
Changing mode to: 18
POST: /index
Changing mode to: 1001
Turning weather updates on
Weather Mode enabled.
Clouds
Changing mode to: 0
POST: /index
Changing mode to: 16
POST: /index
Changing mode to: 2001
Turning quiet hours on
Weather Mode enabled.
Lights out
Clouds
Changing mode to: 0
POST: /index
Changing mode to: 2000
Turning quiet hours off
Weather Mode enabled.
Clouds
Changing mode to: 0
POST: /index
Changing mode to: 1
Weather Mode enabled.
Clouds
Changing mode to: 0
Weather Mode enabled.
Clouds
Changing mode to: 0
Weather Mode enabled.
Clouds
Changing mode to: 0
Weather Mode enabled.
Clouds
Changing mode to: 0
Weather Mode enabled.
Clouds
Changing mode to: 0
Weather Mode enabled.
Clouds
Changing mode to: 0
Weather Mode enabled.
Clouds
Changing mode to: 0
Weather Mode enabled.
Clouds
Changing mode to: 0
Weather Mode enabled.
Clouds
Changing mode to: 0
Weather Mode enabled.
Clouds
Changing mode to: 0
Weather Mode enabled.
Clouds
Changing mode to: 0
Weather Mode enabled.
Clouds
Changing mode to: 0
Weather Mode enabled.
Clouds
Changing mode to: 0
Weather Mode enabled.
Clouds
Changing mode to: 0
Weather Mode enabled.
Clouds
Changing mode to: 0
Weather Mode enabled.
Clouds
Changing mode to: 0
Weather Mode enabled.
Clouds
Changing mode to: 0
Weather Mode enabled.
Clouds
Changing mode to: 0
Weather Mode enabled.
Clouds
Changing mode to: 0
Weather Mode enabled.
Clouds
Changing mode to: 0
Weather Mode enabled.
Clouds
Changing mode to: 0
Weather Mode enabled.
Clouds
Changing mode to: 0
Weather Mode enabled.
Clouds
Changing mode to: 0
Weather Mode enabled.
Clouds
Changing mode to: 0
Weather Mode enabled.
Clouds
Changing mode to: 0
Weather Mode enabled.
Clouds
Changing mode to: 0
Weather Mode enabled.
Clouds
Changing mode to: 0
Weather Mode enabled.
Clouds
Changing mode to: 0
Weather Mode enabled.
Clouds
Changing mode to: 0
Weather Mode enabled.
Clouds
Changing mode to: 0
Weather Mode enabled.
Clouds
Changing mode to: 0
Weather Mode enabled.
Clouds
Changing mode to: 0
Weather Mode enabled.
Clouds
Changing mode to: 0
Weather Mode enabled.
Clouds
Changing mode to: 0
Weather Mode enabled.
Clouds
Changing mode to: 0
Weather Mode enabled.
Clouds
Changing mode to: 0
Weather Mode enabled.
Clouds
Changing mode to: 0
Weather Mode enabled.
Clouds
Changing mode to: 0
Weather Mode enabled.
Clouds
Changing mode to: 0
Weather Mode enabled.
Clouds
Changing mode to: 0
Weather Mode enabled.
Clouds
Changing mode to: 0
Weather Mode enabled.
Clouds
Changing mode to: 0
Weather Mode enabled.
Clouds
Changing mode to: 0
Weather Mode enabled.
Clouds
Changing mode to: 0
Weather Mode enabled.
Clouds
Changing mode to: 0
Weather Mode enabled.
Clouds
Changing mode to: 0
Weather Mode enabled.
Clouds
Changing mode to: 0
Weather Mode enabled.
Clouds
Changing mode to: 0
Weather Mode enabled.
Clouds
Changing mode to: 0
Weather Mode enabled.
Clouds
Changing mode to: 0
Weather Mode enabled.
Clouds
Changing mode to: 0
Weather Mode enabled.
Clear
Changing mode to: 15
Weather Mode enabled.
Clouds
Changing mode to: 0
Weather Mode enabled.
Clear
Changing mode to: 15
Weather Mode enabled.
Clouds
Changing mode to: 0
Weather Mode enabled.
Clear
Changing mode to: 15
Weather Mode enabled.
Clear
Changing mode to: 15
Weather Mode enabled.
Clear
Changing mode to: 15
Weather Mode enabled.
Clear
Changing mode to: 15
Weather Mode enabled.
Clear
Changing mode to: 15
Weather Mode enabled.
Clear
Changing mode to: 15
Weather Mode enabled.
Clear
Changing mode to: 15
Weather Mode enabled.
Clear
Changing mode to: 15
Weather Mode enabled.
Clear
Changing mode to: 15
Weather Mode enabled.
Clear
Changing mode to: 15
Weather Mode enabled.
Clear
Changing mode to: 15
Weather Mode enabled.
Clear
Changing mode to: 15
Weather Mode enabled.
Clear
Changing mode to: 15
Weather Mode enabled.
Clear
Changing mode to: 15
Weather Mode enabled.
Clear
Changing mode to: 15
Weather Mode enabled.
Clear
Changing mode to: 15
Weather Mode enabled.
Clear
Changing mode to: 15
Weather Mode enabled.
Clear
Changing mode to: 15
Weather Mode enabled.
Clear
Changing mode to: 15
Weather Mode enabled.
Clear
Changing mode to: 15
Weather Mode enabled.
Clear
Changing mode to: 15
Weather Mode enabled.
Clear
Changing mode to: 15
Weather Mode enabled.
Clear
Changing mode to: 15
Weather Mode enabled.
Clear
Changing mode to: 15
Weather Mode enabled.
Clear
Changing mode to: 15
Weather Mode enabled.
Clouds
Changing mode to: 0
Weather Mode enabled.
Clear
Changing mode to: 15
Weather Mode enabled.
Clouds
Changing mode to: 0
Weather Mode enabled.
Clear
Changing mode to: 15
Weather Mode enabled.
Clouds
Changing mode to: 0
Weather Mode enabled.
Clear
Changing mode to: 15
Weather Mode enabled.
Clouds
Changing mode to: 0
GET: /index
POST: /index
Changing mode to: 2001
Turning quiet hours on
POST: /index
Changing mode to: -1
Weather Mode enabled.
Lights out
Clouds
Changing mode to: 0
Weather Mode enabled.
Lights out
Clouds
Changing mode to: 0
Weather Mode enabled.
Lights out
Clouds
Changing mode to: 0
Weather Mode enabled.
Lights out
Clouds
Changing mode to: 0
Weather Mode enabled.
Lights out
Clouds
Changing mode to: 0
Weather Mode enabled.
Lights out
Clouds
Changing mode to: 0
Weather Mode enabled.
Lights out
Clouds
Changing mode to: 0
Weather Mode enabled.
Lights out
Clouds
Changing mode to: 0
Weather Mode enabled.
Lights out
Clouds
Changing mode to: 0
POST: /index
Changing mode to: -1
POST: /index
Changing mode to: 1001
Turning weather updates on
POST: /index
Changing mode to: 2001
Turning quiet hours on
POST: /index
Changing mode to: 1000
Turning weather updates off
POST: /index
Changing mode to: -1
Lights out
Lights out
Lights out
Lights out
Lights out
Lights out
Lights out
Lights out
Lights out
Lights out
Lights out
Lights out
Lights out
Lights out
Lights out
Lights out
Lights out
Lights out
Lights out
Lights out
Lights out
Lights out
Lights out
Lights out
Lights out
Lights out
Lights out
Lights out
Lights out
Lights out
Lights out
Lights out
Lights out
Lights out
Lights out
Lights out
Lights out
Lights out
Lights out
Lights out
Lights out
Lights out
Lights out
Lights out
Lights out
Lights out
Lights out
Lights out
Lights out
Lights out
Lights out
Lights out
Lights out
Lights out
Lights out
Lights out
Lights out
Lights out
Lights out
Lights out
Lights out
Lights out
Lights out
Lights out
Lights out
Lights out
Lights out
Lights out
Lights out
Lights out
Lights out
Lights out
Lights out
Lights out
Lights out
Lights out
Lights out
Lights out
Lights out
Lights out
Lights out
Lights out
Lights out
Lights out
Lights out
Lights out
Lights out
Lights out
Lights out
Lights out
Lights out
Lights out
Lights out
Lights out
Lights out
Lights out
Lights out
Lights out
Lights out
Lights out
Lights out
Lights out
Lights out
Lights out
Lights out
Lights out
Lights out
Lights out
Lights out
Lights out
Lights out
Lights out
Lights out
Lights out
Lights out
Lights out
Lights out
Lights out
Lights out
Lights out
Lights out
Lights out
Lights out
Lights out
Lights out
Lights out
Lights out
Lights out
Lights out
Lights out
Lights out
Lights out
Lights out
Lights out
Lights out
Lights out
Lights out
Lights out
Lights out
Lights out
Lights out
Lights out
Lights out
Lights out
Lights out
Lights out
Lights out
Lights out
Lights out
Lights out
Lights out
Lights out
Lights out
Lights out
Lights out
Lights out
Lights out
Lights out
Lights out
Lights out
Lights out
Lights out
Lights out
Lights out
Lights out
Lights out
Lights out
Lights out
Lights out
Lights out
Lights out
Lights out
Lights out
Lights out
Lights out
Lights out
Lights out
Lights out
Lights out
Lights out
Lights out
Lights out
Lights out
Lights out
Lights out
Lights out
Lights out
Lights out
Lights out
Lights out
Lights out
Lights out
Lights out
Lights out
Lights out
Lights out
Lights out
Lights out
Lights out
Lights out
Lights out
Lights out
Lights out
Lights out
Lights out
Lights out
Lights out
Lights out
Lights out
Lights out
Lights out
Lights out
Lights out
Lights out
Lights out
Lights out
Lights out
Lights out
Lights out
Lights out
Lights out
Lights out
Lights out
Lights out
Lights out
Lights out
Lights out
Lights out
Lights out
Lights out
Lights out
Lights out
Lights out
Lights out
Lights out
Lights out
Lights out
Lights out
Lights out
Lights out
Lights out
Lights out
Lights out
Lights out
Lights out
Lights out
Lights out
Lights out
Lights out
Lights out
Lights out
Lights out
Lights out
Lights out
Lights out
Lights out
Lights out
Lights out
Lights out
Lights out
Lights out
Lights out
Lights out
Lights out
Lights out
Lights out
Lights out
Lights out
Lights out
Lights out
Lights out
Lights out
Lights out
Lights out
Lights out
Lights out
Lights out
Lights out
Lights out
Lights out
Lights out
GET: /index
GET: /index
POST: /index
Changing mode to: 1001
Turning weather updates on
Weather Mode enabled.
Clouds
Changing mode to: 0
POST: /index
Changing mode to: 2000
Turning quiet hours off
POST: /index
Changing mode to: 1
Weather Mode enabled.
Clouds
Changing mode to: 0
POST: /index
Changing mode to: 8
POST: /index
Changing mode to: 1000
Turning weather updates off
POST: /index
Changing mode to: 14
Express server listening on port 3000 in development mode
GET: /index
GET: /index
POST: /index
Changing mode to: -1
POST: /index
Changing mode to: -1
POST: /index
Changing mode to: 0
POST: /index
Changing mode to: 15
Weather Mode enabled.
Clouds
Changing mode to: 0
POST: /index
Changing mode to: 1000
Turning weather updates off
Express server listening on port 3000 in development mode
Express server listening on port 3000 in development mode
GET: /index
POST: /index
Changing mode to: 1000
Turning weather updates off
POST: /index
Changing mode to: 2000
Turning quiet hours off
Express server listening on port 3000 in development mode
GET: /index
POST: /index
Changing mode to: 1000
Turning weather updates off
POST: /index
Changing mode to: 2000
Turning quiet hours off
POST: /index
Changing mode to: 2000
Turning quiet hours off
POST: /index
Changing mode to: 1
GET: /index
POST: /index
Changing mode to: 10
POST: /index
Changing mode to: 11
POST: /index
Changing mode to: 12
POST: /index
Changing mode to: 13
POST: /index
Changing mode to: 14
POST: /index
Changing mode to: 6
POST: /index
Changing mode to: 6
POST: /index
Changing mode to: 6
POST: /index
Changing mode to: 6
POST: /index
Changing mode to: 2
POST: /index
Changing mode to: 4
POST: /index
Changing mode to: 5
POST: /index
Changing mode to: 4
POST: /index
Changing mode to: 0
POST: /index
Changing mode to: 14
POST: /index
Changing mode to: 14
POST: /index
Changing mode to: 12
GET: /index
GET: /index
POST: /index
Changing mode to: 14
GET: /index
GET: /index
POST: /index
Changing mode to: 1001
Turning weather updates on
POST: /index
Changing mode to: 2001
Turning quiet hours on
POST: /index
Changing mode to: 1000
Turning weather updates off
POST: /index
Changing mode to: 2000
Turning quiet hours off
POST: /index
Changing mode to: 0
GET: /index
POST: /index
Changing mode to: -1
POST: /index
Changing mode to: 0
POST: /index
Changing mode to: 7
POST: /index
Changing mode to: 9
POST: /index
Changing mode to: 11
POST: /index
Changing mode to: 18
POST: /index
Changing mode to: 0
POST: /index
Changing mode to: 12
POST: /index
Changing mode to: 1001
Turning weather updates on
Weather Mode enabled.
Clear
Changing mode to: 15
POST: /index
Changing mode to: 12
POST: /index
Changing mode to: 1000
Turning weather updates off
POST: /index
Changing mode to: -1
POST: /index
Changing mode to: 1001
Turning weather updates on
POST: /index
Changing mode to: 0
POST: /index
Changing mode to: 1001
Turning weather updates on
Weather Mode enabled.
Clear
Changing mode to: 15
Weather Mode enabled.
Clear
Changing mode to: 15
Weather Mode enabled.
Clear
Changing mode to: 15
Weather Mode enabled.
Clear
Changing mode to: 15
Weather Mode enabled.
Clear
Changing mode to: 15
Weather Mode enabled.
Clear
Changing mode to: 15
Weather Mode enabled.
Clear
Changing mode to: 15
Weather Mode enabled.
Clear
Changing mode to: 15
Weather Mode enabled.
Clear
Changing mode to: 15
Weather Mode enabled.
Clear
Changing mode to: 15
Weather Mode enabled.
Clear
Changing mode to: 15
Weather Mode enabled.
Clear
Changing mode to: 15
Weather Mode enabled.
Clear
Changing mode to: 15
Weather Mode enabled.
Clear
Changing mode to: 15
Weather Mode enabled.
Clear
Changing mode to: 15
Weather Mode enabled.
Clear
Changing mode to: 15
Weather Mode enabled.
Clear
Changing mode to: 15
Weather Mode enabled.
Clear
Changing mode to: 15
Weather Mode enabled.
Clear
Changing mode to: 15
Weather Mode enabled.
Clear
Changing mode to: 15
Weather Mode enabled.
Clear
Changing mode to: 15
Weather Mode enabled.
Clear
Changing mode to: 15
Weather Mode enabled.
Clear
Changing mode to: 15
Weather Mode enabled.
Clear
Changing mode to: 15
Weather Mode enabled.
Clear
Changing mode to: 15
Weather Mode enabled.
Clear
Changing mode to: 15
Weather Mode enabled.
Clear
Changing mode to: 15
Weather Mode enabled.
Clear
Changing mode to: 15
Weather Mode enabled.
Clear
Changing mode to: 15
Weather Mode enabled.
Clear
Changing mode to: 15
Weather Mode enabled.
Clear
Changing mode to: 15
Weather Mode enabled.
Clear
Changing mode to: 15
Weather Mode enabled.
Clear
Changing mode to: 15
Weather Mode enabled.
Clear
Changing mode to: 15
Weather Mode enabled.
Clear
Changing mode to: 15
Weather Mode enabled.
Clear
Changing mode to: 15
Weather Mode enabled.
Clear
Changing mode to: 15
Weather Mode enabled.
Clear
Changing mode to: 15
Weather Mode enabled.
Clear
Changing mode to: 15
